# JRE version: OpenJDK Runtime Environment (8.0_151-b12) (build 1.8.0_151-8u151-b12-0ubuntu0.16.04.2-b12)
# Java VM: OpenJDK 64-Bit Server VM (25.151-b12 mixed mode linux-amd64 compressed oops)
Heap:
 PSYoungGen      total 139264K, used 10208K [0x000000076d000000, 0x0000000776200000, 0x00000007c0000000)
  eden space 129024K, 0% used [0x000000076d000000,0x000000076d000000,0x0000000774e00000)
  from space 10240K, 99% used [0x0000000774e00000,0x00000007757f8020,0x0000000775800000)
  to   space 10240K, 0% used [0x0000000775800000,0x0000000775800000,0x0000000776200000)
 ParOldGen       total 171008K, used 26240K [0x00000006c7000000, 0x00000006d1700000, 0x000000076d000000)
  object space 171008K, 15% used [0x00000006c7000000,0x00000006c89a0000,0x00000006d1700000)
 Metaspace       used 3330K, capacity 4564K, committed 4864K, reserved 1056768K
  class space    used 368K, capacity 388K, committed 512K, reserved 1048576K
GC Heap History (5 events):
Event: 7,716 GC heap before
{Heap before GC invocations=1 (full 0):
 PSYoungGen      total 74752K, used 64512K [0x000000076d000000, 0x0000000772300000, 0x00000007c0000000)
  eden space 64512K, 100% used [0x000000076d000000,0x0000000770f00000,0x0000000770f00000)
  from space 10240K, 0% used [0x0000000771900000,0x0000000771900000,0x0000000772300000)
  to   space 10240K, 0% used [0x0000000770f00000,0x0000000770f00000,0x0000000771900000)
 ParOldGen       total 171008K, used 0K [0x00000006c7000000, 0x00000006d1700000, 0x000000076d000000)
  object space 171008K, 0% used [0x00000006c7000000,0x00000006c7000000,0x00000006d1700000)
 Metaspace       used 3330K, capacity 4564K, committed 4864K, reserved 1056768K
  class space    used 368K, capacity 388K, committed 512K, reserved 1048576K
Event: 7,813 GC heap after
Heap after GC invocations=1 (full 0):
 PSYoungGen      total 74752K, used 10224K [0x000000076d000000, 0x0000000776200000, 0x00000007c0000000)
  eden space 64512K, 0% used [0x000000076d000000,0x000000076d000000,0x0000000770f00000)
  from space 10240K, 99% used [0x0000000770f00000,0x00000007718fc010,0x0000000771900000)
  to   space 10240K, 0% used [0x0000000775800000,0x0000000775800000,0x0000000776200000)
 ParOldGen       total 171008K, used 26176K [0x00000006c7000000, 0x00000006d1700000, 0x000000076d000000)
  object space 171008K, 15% used [0x00000006c7000000,0x00000006c8990000,0x00000006d1700000)
 Metaspace       used 3330K, capacity 4564K, committed 4864K, reserved 1056768K
  class space    used 368K, capacity 388K, committed 512K, reserved 1048576K
}
Event: 7,830 GC heap before
{Heap before GC invocations=2 (full 0):
 PSYoungGen      total 74752K, used 74736K [0x000000076d000000, 0x0000000776200000, 0x00000007c0000000)
  eden space 64512K, 100% used [0x000000076d000000,0x0000000770f00000,0x0000000770f00000)
  from space 10240K, 99% used [0x0000000770f00000,0x00000007718fc010,0x0000000771900000)
  to   space 10240K, 0% used [0x0000000775800000,0x0000000775800000,0x0000000776200000)
 ParOldGen       total 171008K, used 26176K [0x00000006c7000000, 0x00000006d1700000, 0x000000076d000000)
  object space 171008K, 15% used [0x00000006c7000000,0x00000006c8990000,0x00000006d1700000)
 Metaspace       used 3330K, capacity 4564K, committed 4864K, reserved 1056768K
  class space    used 368K, capacity 388K, committed 512K, reserved 1048576K
Event: 7,868 GC heap after
Heap after GC invocations=2 (full 0):
 PSYoungGen      total 139264K, used 10208K [0x000000076d000000, 0x0000000776200000, 0x00000007c0000000)
  eden space 129024K, 0% used [0x000000076d000000,0x000000076d000000,0x0000000774e00000)
  from space 10240K, 99% used [0x0000000775800000,0x00000007761f8020,0x0000000776200000)
  to   space 10240K, 0% used [0x0000000774e00000,0x0000000774e00000,0x0000000775800000)
 ParOldGen       total 171008K, used 26232K [0x00000006c7000000, 0x00000006d1700000, 0x000000076d000000)
  object space 171008K, 15% used [0x00000006c7000000,0x00000006c899e000,0x00000006d1700000)
 Metaspace       used 3330K, capacity 4564K, committed 4864K, reserved 1056768K
  class space    used 368K, capacity 388K, committed 512K, reserved 1048576K
}
Event: 7,980 GC heap before
{Heap before GC invocations=3 (full 0):
 PSYoungGen      total 139264K, used 139232K [0x000000076d000000, 0x0000000776200000, 0x00000007c0000000)
  eden space 129024K, 100% used [0x000000076d000000,0x0000000774e00000,0x0000000774e00000)
  from space 10240K, 99% used [0x0000000775800000,0x00000007761f8020,0x0000000776200000)
  to   space 10240K, 0% used [0x0000000774e00000,0x0000000774e00000,0x0000000775800000)
 ParOldGen       total 171008K, used 26232K [0x00000006c7000000, 0x00000006d1700000, 0x000000076d000000)
  object space 171008K, 15% used [0x00000006c7000000,0x00000006c899e000,0x00000006d1700000)
 Metaspace       used 3330K, capacity 4564K, committed 4864K, reserved 1056768K
  class space    used 368K, capacity 388K, committed 512K, reserved 1048576K

