# JRE version: OpenJDK Runtime Environment (8.0_151-b12) (build 1.8.0_151-8u151-b12-0ubuntu0.16.04.2-b12)
# Java VM: OpenJDK 64-Bit Server VM (25.151-b12 mixed mode linux-amd64 compressed oops)
Heap:
 PSYoungGen      total 291840K, used 82K [0x000000076d000000, 0x0000000780e00000, 0x00000007c0000000)
  eden space 258048K, 0% used [0x000000076d000000,0x000000076d000000,0x000000077cc00000)
  from space 33792K, 0% used [0x000000077cc00000,0x000000077cc14918,0x000000077ed00000)
  to   space 31744K, 0% used [0x000000077ef00000,0x000000077ef00000,0x0000000780e00000)
 ParOldGen       total 171008K, used 36540K [0x00000006c7000000, 0x00000006d1700000, 0x000000076d000000)
  object space 171008K, 21% used [0x00000006c7000000,0x00000006c93af268,0x00000006d1700000)
 Metaspace       used 3332K, capacity 4564K, committed 4864K, reserved 1056768K
  class space    used 368K, capacity 388K, committed 512K, reserved 1048576K
GC Heap History (10 events):
Event: 127,761 GC heap after
Heap after GC invocations=2 (full 0):
 PSYoungGen      total 74752K, used 10224K [0x000000076d000000, 0x0000000776200000, 0x00000007c0000000)
  eden space 64512K, 0% used [0x000000076d000000,0x000000076d000000,0x0000000770f00000)
  from space 10240K, 99% used [0x0000000771900000,0x00000007722fc010,0x0000000772300000)
  to   space 10240K, 0% used [0x0000000770f00000,0x0000000770f00000,0x0000000771900000)
 ParOldGen       total 171008K, used 26200K [0x00000006c7000000, 0x00000006d1700000, 0x000000076d000000)
  object space 171008K, 15% used [0x00000006c7000000,0x00000006c8996000,0x00000006d1700000)
 Metaspace       used 3332K, capacity 4564K, committed 4864K, reserved 1056768K
  class space    used 368K, capacity 388K, committed 512K, reserved 1048576K
}
Event: 127,792 GC heap before
{Heap before GC invocations=3 (full 0):
 PSYoungGen      total 74752K, used 74736K [0x000000076d000000, 0x0000000776200000, 0x00000007c0000000)
  eden space 64512K, 100% used [0x000000076d000000,0x0000000770f00000,0x0000000770f00000)
  from space 10240K, 99% used [0x0000000771900000,0x00000007722fc010,0x0000000772300000)
  to   space 10240K, 0% used [0x0000000770f00000,0x0000000770f00000,0x0000000771900000)
 ParOldGen       total 171008K, used 26200K [0x00000006c7000000, 0x00000006d1700000, 0x000000076d000000)
  object space 171008K, 15% used [0x00000006c7000000,0x00000006c8996000,0x00000006d1700000)
 Metaspace       used 3332K, capacity 4564K, committed 4864K, reserved 1056768K
  class space    used 368K, capacity 388K, committed 512K, reserved 1048576K
Event: 127,816 GC heap after
Heap after GC invocations=3 (full 0):
 PSYoungGen      total 74752K, used 10240K [0x000000076d000000, 0x0000000776200000, 0x00000007c0000000)
  eden space 64512K, 0% used [0x000000076d000000,0x000000076d000000,0x0000000770f00000)
  from space 10240K, 100% used [0x0000000770f00000,0x0000000771900000,0x0000000771900000)
  to   space 10240K, 0% used [0x0000000775800000,0x0000000775800000,0x0000000776200000)
 ParOldGen       total 171008K, used 26208K [0x00000006c7000000, 0x00000006d1700000, 0x000000076d000000)
  object space 171008K, 15% used [0x00000006c7000000,0x00000006c8998000,0x00000006d1700000)
 Metaspace       used 3332K, capacity 4564K, committed 4864K, reserved 1056768K
  class space    used 368K, capacity 388K, committed 512K, reserved 1048576K
}
Event: 127,844 GC heap before
{Heap before GC invocations=4 (full 0):
 PSYoungGen      total 74752K, used 74749K [0x000000076d000000, 0x0000000776200000, 0x00000007c0000000)
  eden space 64512K, 99% used [0x000000076d000000,0x0000000770eff5e0,0x0000000770f00000)
  from space 10240K, 100% used [0x0000000770f00000,0x0000000771900000,0x0000000771900000)
  to   space 10240K, 0% used [0x0000000775800000,0x0000000775800000,0x0000000776200000)
 ParOldGen       total 171008K, used 26208K [0x00000006c7000000, 0x00000006d1700000, 0x000000076d000000)
  object space 171008K, 15% used [0x00000006c7000000,0x00000006c8998000,0x00000006d1700000)
 Metaspace       used 3332K, capacity 4564K, committed 4864K, reserved 1056768K
  class space    used 368K, capacity 388K, committed 512K, reserved 1048576K
Event: 127,872 GC heap after
Heap after GC invocations=4 (full 0):
 PSYoungGen      total 139264K, used 10230K [0x000000076d000000, 0x0000000776200000, 0x00000007c0000000)
  eden space 129024K, 0% used [0x000000076d000000,0x000000076d000000,0x0000000774e00000)
  from space 10240K, 99% used [0x0000000775800000,0x00000007761fdb90,0x0000000776200000)
  to   space 10240K, 0% used [0x0000000774e00000,0x0000000774e00000,0x0000000775800000)
 ParOldGen       total 171008K, used 26216K [0x00000006c7000000, 0x00000006d1700000, 0x000000076d000000)
  object space 171008K, 15% used [0x00000006c7000000,0x00000006c899a000,0x00000006d1700000)
 Metaspace       used 3332K, capacity 4564K, committed 4864K, reserved 1056768K
  class space    used 368K, capacity 388K, committed 512K, reserved 1048576K
}
Event: 127,971 GC heap before
{Heap before GC invocations=5 (full 0):
 PSYoungGen      total 139264K, used 139254K [0x000000076d000000, 0x0000000776200000, 0x00000007c0000000)
  eden space 129024K, 100% used [0x000000076d000000,0x0000000774e00000,0x0000000774e00000)
  from space 10240K, 99% used [0x0000000775800000,0x00000007761fdb90,0x0000000776200000)
  to   space 10240K, 0% used [0x0000000774e00000,0x0000000774e00000,0x0000000775800000)
 ParOldGen       total 171008K, used 26216K [0x00000006c7000000, 0x00000006d1700000, 0x000000076d000000)
  object space 171008K, 15% used [0x00000006c7000000,0x00000006c899a000,0x00000006d1700000)
 Metaspace       used 3332K, capacity 4564K, committed 4864K, reserved 1056768K
  class space    used 368K, capacity 388K, committed 512K, reserved 1048576K
Event: 127,984 GC heap after
Heap after GC invocations=5 (full 0):
 PSYoungGen      total 139264K, used 10208K [0x000000076d000000, 0x0000000781200000, 0x00000007c0000000)
  eden space 129024K, 0% used [0x000000076d000000,0x000000076d000000,0x0000000774e00000)
  from space 10240K, 99% used [0x0000000774e00000,0x00000007757f8008,0x0000000775800000)
  to   space 35840K, 0% used [0x000000077ef00000,0x000000077ef00000,0x0000000781200000)
 ParOldGen       total 171008K, used 26232K [0x00000006c7000000, 0x00000006d1700000, 0x000000076d000000)
  object space 171008K, 15% used [0x00000006c7000000,0x00000006c899e000,0x00000006d1700000)
 Metaspace       used 3332K, capacity 4564K, committed 4864K, reserved 1056768K
  class space    used 368K, capacity 388K, committed 512K, reserved 1048576K
}
Event: 128,033 GC heap before
{Heap before GC invocations=6 (full 0):
 PSYoungGen      total 139264K, used 139232K [0x000000076d000000, 0x0000000781200000, 0x00000007c0000000)
  eden space 129024K, 100% used [0x000000076d000000,0x0000000774e00000,0x0000000774e00000)
  from space 10240K, 99% used [0x0000000774e00000,0x00000007757f8008,0x0000000775800000)
  to   space 35840K, 0% used [0x000000077ef00000,0x000000077ef00000,0x0000000781200000)
 ParOldGen       total 171008K, used 26232K [0x00000006c7000000, 0x00000006d1700000, 0x000000076d000000)
  object space 171008K, 15% used [0x00000006c7000000,0x00000006c899e000,0x00000006d1700000)
 Metaspace       used 3332K, capacity 4564K, committed 4864K, reserved 1056768K
  class space    used 368K, capacity 388K, committed 512K, reserved 1048576K
Event: 128,066 GC heap after
Heap after GC invocations=6 (full 0):
 PSYoungGen      total 289792K, used 10247K [0x000000076d000000, 0x0000000780e00000, 0x00000007c0000000)
  eden space 258048K, 0% used [0x000000076d000000,0x000000076d000000,0x000000077cc00000)
  from space 31744K, 32% used [0x000000077ef00000,0x000000077f901c30,0x0000000780e00000)
  to   space 33792K, 0% used [0x000000077cc00000,0x000000077cc00000,0x000000077ed00000)
 ParOldGen       total 171008K, used 26232K [0x00000006c7000000, 0x00000006d1700000, 0x000000076d000000)
  object space 171008K, 15% used [0x00000006c7000000,0x00000006c899e000,0x00000006d1700000)
 Metaspace       used 3332K, capacity 4564K, committed 4864K, reserved 1056768K
  class space    used 368K, capacity 388K, committed 512K, reserved 1048576K
}
Event: 128,376 GC heap before
{Heap before GC invocations=7 (full 0):
 PSYoungGen      total 289792K, used 268295K [0x000000076d000000, 0x0000000780e00000, 0x00000007c0000000)
  eden space 258048K, 100% used [0x000000076d000000,0x000000077cc00000,0x000000077cc00000)
  from space 31744K, 32% used [0x000000077ef00000,0x000000077f901c30,0x0000000780e00000)
  to   space 33792K, 0% used [0x000000077cc00000,0x000000077cc00000,0x000000077ed00000)
 ParOldGen       total 171008K, used 26232K [0x00000006c7000000, 0x00000006d1700000, 0x000000076d000000)
  object space 171008K, 15% used [0x00000006c7000000,0x00000006c899e000,0x00000006d1700000)
 Metaspace       used 3332K, capacity 4564K, committed 4864K, reserved 1056768K
  class space    used 368K, capacity 388K, committed 512K, reserved 1048576K

